<?xml version="1.0" encoding="UTF-8"?>
<!-- Generated by org.testng.reporters.JUnitXMLReporter -->
<testsuite hostname="HPDA0017" name="Regression suite 1" tests="13" failures="0" timestamp="11 Jul 2018 04:51:15 GMT" time="15.557" errors="0">
  <testcase name="attempt_Login_With_No_Password_Should_Annotate_Black_Password_Field" time="0.266" classname="test_classes.loginTest"/>
  <testcase name="attempt_Login_With_No_Password_Should_Annotate_Black_Password_Field" time="0.184" classname="test_classes.loginTest"/>
  <testcase name="attempt_Login_With_No_Password_Should_Annotate_Black_Password_Field" time="0.172" classname="test_classes.loginTest"/>
  <testcase name="attempt_Login_With_No_Password_Should_Annotate_Black_Password_Field" time="0.17" classname="test_classes.loginTest"/>
  <testcase name="attempt_Login_With_No_Password_Should_Annotate_Black_Password_Field" time="0.169" classname="test_classes.loginTest"/>
  <testcase name="attempt_Login_With_No_Password_Should_Annotate_Black_Password_Field" time="0.166" classname="test_classes.loginTest"/>
  <testcase name="attempt_Login_With_Incorrect_Password_Should_Render_Error_Message" time="0.387" classname="test_classes.loginTest"/>
  <testcase name="attempt_Login_With_Incorrect_Password_Should_Render_Error_Message" time="0.435" classname="test_classes.loginTest"/>
  <testcase name="attempt_Login_With_Incorrect_Password_Should_Render_Error_Message" time="0.463" classname="test_classes.loginTest"/>
  <testcase name="attempt_Login_With_Incorrect_Password_Should_Render_Error_Message" time="0.543" classname="test_classes.loginTest"/>
  <testcase name="attempt_Login_With_Incorrect_Password_Should_Render_Error_Message" time="0.497" classname="test_classes.loginTest"/>
  <testcase name="attempt_Login_With_Incorrect_Password_Should_Render_Error_Message" time="0.548" classname="test_classes.loginTest"/>
  <testcase name="attempt_login_with_correct_credentials_should_go_to_timesheet_page" time="6.005" classname="test_classes.loginTest"/>
</testsuite> <!-- Regression suite 1 -->
